<?xml version="1.0" encoding="UTF-8"?>
<!-- Generated by org.testng.reporters.JUnitReportReporter -->
<testsuite skipped="0" hostname="PMCLAP1257" name="demo1.Test1" tests="1" failures="0" timestamp="04 Apr 2020 05:50:02 GMT" time="0.012" errors="0">
  <testcase name="print" time="0.012" classname="demo1.Test1"/>
</testsuite> <!-- demo1.Test1 -->
